2026-05-21 13:26:42,338 DEBUG    root            Loaded Command Group: ['gcloud', 'components']
2026-05-21 13:26:42,373 DEBUG    root            Loaded Command Group: ['gcloud', 'components', 'update']
2026-05-21 13:26:42,375 DEBUG    root            Running [gcloud.components.update] with arguments: [--quiet: "True", COMPONENT-IDS:8: "['gcloud', 'core', 'bq', 'gsutil', 'compute', 'preview', 'alpha', 'beta']"]
2026-05-21 13:26:42,376 DEBUG    root            On GCE from disk cache: False
2026-05-21 13:26:42,376 INFO     ___FILE_ONLY___ Beginning update. This process may take several minutes.

2026-05-21 13:26:42,378 DEBUG    root            On GCE from memory cache: False
2026-05-21 13:26:42,380 DEBUG    root            On GCE from memory cache: False
2026-05-21 13:26:42,381 DEBUG    urllib3.connectionpool Starting new HTTPS connection (1): dl.google.com:443
2026-05-21 13:26:42,466 DEBUG    urllib3.connectionpool https://dl.google.com:443 "GET /dl/cloudsdk/channels/rapid/components-2.json HTTP/1.1" 200 25013
2026-05-21 13:26:42,479 WARNING  root            Component [compute] no longer exists.
2026-05-21 13:26:42,480 INFO     ___FILE_ONLY___ 

2026-05-21 13:26:42,480 INFO     ___FILE_ONLY___ 
Your current Google Cloud CLI version is: 569.0.0

2026-05-21 13:26:42,480 INFO     ___FILE_ONLY___ Installing components from version: 569.0.0

2026-05-21 13:26:42,480 INFO     ___FILE_ONLY___ 

2026-05-21 13:26:42,480 DEBUG    root            Chosen display Format:table[box,title="These components will be removed."](details.display_name:label=Name:align=left,version.version_string:label=Version:align=right,data.size.size(zero="",min=1048576):label=Size:align=right)
2026-05-21 13:26:42,481 DEBUG    root            Chosen display Format:table[box,title="These components will be updated."](details.display_name:label=Name:align=left,version.version_string:label=Version:align=right,data.size.size(zero="",min=1048576):label=Size:align=right)
2026-05-21 13:26:42,481 DEBUG    root            Chosen display Format:table[box,title="These components will be installed."](details.display_name:label=Name:align=left,version.version_string:label=Version:align=right,data.size.size(zero="",min=1048576):label=Size:align=right)
2026-05-21 13:26:42,498 INFO     ___FILE_ONLY___ ┌────────────────────────────────────────────────┐
2026-05-21 13:26:42,498 INFO     ___FILE_ONLY___ 

2026-05-21 13:26:42,498 INFO     ___FILE_ONLY___ │      These components will be installed.       │
2026-05-21 13:26:42,498 INFO     ___FILE_ONLY___ 

2026-05-21 13:26:42,498 INFO     ___FILE_ONLY___ ├─────────────────────────┬────────────┬─────────┤
2026-05-21 13:26:42,498 INFO     ___FILE_ONLY___ 

2026-05-21 13:26:42,498 INFO     ___FILE_ONLY___ │           Name          │  Version   │   Size  │
2026-05-21 13:26:42,498 INFO     ___FILE_ONLY___ 

2026-05-21 13:26:42,499 INFO     ___FILE_ONLY___ ├─────────────────────────┼────────────┼─────────┤
2026-05-21 13:26:42,499 INFO     ___FILE_ONLY___ 

2026-05-21 13:26:42,499 INFO     ___FILE_ONLY___ │ 
2026-05-21 13:26:42,499 INFO     ___FILE_ONLY___ gcloud Alpha Commands  
2026-05-21 13:26:42,499 INFO     ___FILE_ONLY___  
2026-05-21 13:26:42,499 INFO     ___FILE_ONLY___ │ 
2026-05-21 13:26:42,499 INFO     ___FILE_ONLY___ 2026.05.15
2026-05-21 13:26:42,499 INFO     ___FILE_ONLY___  
2026-05-21 13:26:42,499 INFO     ___FILE_ONLY___ │ 
2026-05-21 13:26:42,499 INFO     ___FILE_ONLY___ < 1 MiB
2026-05-21 13:26:42,499 INFO     ___FILE_ONLY___  
2026-05-21 13:26:42,500 INFO     ___FILE_ONLY___ │
2026-05-21 13:26:42,500 INFO     ___FILE_ONLY___ 

2026-05-21 13:26:42,500 INFO     ___FILE_ONLY___ │ 
2026-05-21 13:26:42,500 INFO     ___FILE_ONLY___ gcloud Beta Commands   
2026-05-21 13:26:42,500 INFO     ___FILE_ONLY___  
2026-05-21 13:26:42,500 INFO     ___FILE_ONLY___ │ 
2026-05-21 13:26:42,500 INFO     ___FILE_ONLY___ 2026.05.15
2026-05-21 13:26:42,500 INFO     ___FILE_ONLY___  
2026-05-21 13:26:42,500 INFO     ___FILE_ONLY___ │ 
2026-05-21 13:26:42,500 INFO     ___FILE_ONLY___ < 1 MiB
2026-05-21 13:26:42,500 INFO     ___FILE_ONLY___  
2026-05-21 13:26:42,500 INFO     ___FILE_ONLY___ │
2026-05-21 13:26:42,501 INFO     ___FILE_ONLY___ 

2026-05-21 13:26:42,501 INFO     ___FILE_ONLY___ │ 
2026-05-21 13:26:42,501 INFO     ___FILE_ONLY___ gcloud Preview Commands
2026-05-21 13:26:42,501 INFO     ___FILE_ONLY___  
2026-05-21 13:26:42,501 INFO     ___FILE_ONLY___ │ 
2026-05-21 13:26:42,501 INFO     ___FILE_ONLY___ 2026.05.15
2026-05-21 13:26:42,501 INFO     ___FILE_ONLY___  
2026-05-21 13:26:42,501 INFO     ___FILE_ONLY___ │ 
2026-05-21 13:26:42,501 INFO     ___FILE_ONLY___ < 1 MiB
2026-05-21 13:26:42,501 INFO     ___FILE_ONLY___  
2026-05-21 13:26:42,501 INFO     ___FILE_ONLY___ │
2026-05-21 13:26:42,501 INFO     ___FILE_ONLY___ 

2026-05-21 13:26:42,501 INFO     ___FILE_ONLY___ └─────────────────────────┴────────────┴─────────┘
2026-05-21 13:26:42,502 INFO     ___FILE_ONLY___ 

2026-05-21 13:26:42,502 INFO     ___FILE_ONLY___ 

2026-05-21 13:26:42,503 DEBUG    root            On GCE from memory cache: False
2026-05-21 13:26:42,504 DEBUG    root            On GCE from memory cache: False
2026-05-21 13:26:42,505 DEBUG    urllib3.connectionpool Starting new HTTPS connection (1): dl.google.com:443
2026-05-21 13:26:42,587 DEBUG    urllib3.connectionpool https://dl.google.com:443 "GET /dl/cloudsdk/channels/rapid/RELEASE_NOTES HTTP/1.1" 200 364153
2026-05-21 13:26:43,279 INFO     ___FILE_ONLY___ For the latest full release notes, please visit:
  https://cloud.google.com/sdk/release_notes


2026-05-21 13:26:43,280 INFO     ___FILE_ONLY___ Performing in place update...


2026-05-21 13:26:43,282 INFO     ___FILE_ONLY___ ╔════════════════════════════════════════════════════════════╗

2026-05-21 13:26:43,282 INFO     ___FILE_ONLY___ ╠═ Downloading: gcloud Alpha Commands                       ═╣

2026-05-21 13:26:43,282 INFO     ___FILE_ONLY___ ╚
2026-05-21 13:26:43,283 DEBUG    root            On GCE from memory cache: False
2026-05-21 13:26:43,285 DEBUG    root            On GCE from memory cache: False
2026-05-21 13:26:43,286 DEBUG    urllib3.connectionpool Starting new HTTPS connection (1): dl.google.com:443
2026-05-21 13:26:43,421 DEBUG    urllib3.connectionpool https://dl.google.com:443 "GET /dl/cloudsdk/channels/rapid/components/google-cloud-sdk-alpha-20260515041400.tar.gz HTTP/1.1" 200 761
2026-05-21 13:26:43,422 INFO     ___FILE_ONLY___ ════════════════════════════════════════════════════════════
2026-05-21 13:26:43,422 INFO     ___FILE_ONLY___ ╝

2026-05-21 13:26:43,424 INFO     ___FILE_ONLY___ ╔════════════════════════════════════════════════════════════╗

2026-05-21 13:26:43,425 INFO     ___FILE_ONLY___ ╠═ Downloading: gcloud Beta Commands                        ═╣

2026-05-21 13:26:43,425 INFO     ___FILE_ONLY___ ╚
2026-05-21 13:26:43,426 DEBUG    root            On GCE from memory cache: False
2026-05-21 13:26:43,427 DEBUG    root            On GCE from memory cache: False
2026-05-21 13:26:43,429 DEBUG    urllib3.connectionpool Starting new HTTPS connection (1): dl.google.com:443
2026-05-21 13:26:43,544 DEBUG    urllib3.connectionpool https://dl.google.com:443 "GET /dl/cloudsdk/channels/rapid/components/google-cloud-sdk-beta-20260515041400.tar.gz HTTP/1.1" 200 758
2026-05-21 13:26:43,545 INFO     ___FILE_ONLY___ ════════════════════════════════════════════════════════════
2026-05-21 13:26:43,545 INFO     ___FILE_ONLY___ ╝

2026-05-21 13:26:43,548 INFO     ___FILE_ONLY___ ╔════════════════════════════════════════════════════════════╗

2026-05-21 13:26:43,548 INFO     ___FILE_ONLY___ ╠═ Downloading: gcloud Preview Commands                     ═╣

2026-05-21 13:26:43,548 INFO     ___FILE_ONLY___ ╚
2026-05-21 13:26:43,549 DEBUG    root            On GCE from memory cache: False
2026-05-21 13:26:43,551 DEBUG    root            On GCE from memory cache: False
2026-05-21 13:26:43,552 DEBUG    urllib3.connectionpool Starting new HTTPS connection (1): dl.google.com:443
2026-05-21 13:26:43,672 DEBUG    urllib3.connectionpool https://dl.google.com:443 "GET /dl/cloudsdk/channels/rapid/components/google-cloud-sdk-preview-20260515041400.tar.gz HTTP/1.1" 200 782
2026-05-21 13:26:43,673 INFO     ___FILE_ONLY___ ════════════════════════════════════════════════════════════
2026-05-21 13:26:43,673 INFO     ___FILE_ONLY___ ╝

2026-05-21 13:26:43,675 INFO     ___FILE_ONLY___ ╔════════════════════════════════════════════════════════════╗

2026-05-21 13:26:43,676 INFO     ___FILE_ONLY___ ╠═ Installing: gcloud Alpha Commands                        ═╣

2026-05-21 13:26:43,676 INFO     ___FILE_ONLY___ ╚
2026-05-21 13:26:43,677 INFO     ___FILE_ONLY___ ════════════════════════════════════════════════════════════
2026-05-21 13:26:43,677 INFO     ___FILE_ONLY___ ╝

2026-05-21 13:26:43,687 INFO     ___FILE_ONLY___ ╔════════════════════════════════════════════════════════════╗

2026-05-21 13:26:43,687 INFO     ___FILE_ONLY___ ╠═ Installing: gcloud Beta Commands                         ═╣

2026-05-21 13:26:43,687 INFO     ___FILE_ONLY___ ╚
2026-05-21 13:26:43,688 INFO     ___FILE_ONLY___ ════════════════════════════════════════════════════════════
2026-05-21 13:26:43,688 INFO     ___FILE_ONLY___ ╝

2026-05-21 13:26:43,695 INFO     ___FILE_ONLY___ ╔════════════════════════════════════════════════════════════╗

2026-05-21 13:26:43,695 INFO     ___FILE_ONLY___ ╠═ Installing: gcloud Preview Commands                      ═╣

2026-05-21 13:26:43,695 INFO     ___FILE_ONLY___ ╚
2026-05-21 13:26:43,696 INFO     ___FILE_ONLY___ ════════════════════════════════════════════════════════════
2026-05-21 13:26:43,696 INFO     ___FILE_ONLY___ ╝

2026-05-21 13:26:43,705 DEBUG    root            Updating notification cache...
2026-05-21 13:26:43,706 INFO     ___FILE_ONLY___ 

2026-05-21 13:26:43,708 INFO     ___FILE_ONLY___ Performing post processing steps...
2026-05-21 13:26:43,708 DEBUG    root            Executing command: ['/tools/google-cloud-sdk/bin/gcloud', 'components', 'post-process']
2026-05-21 13:26:57,861 DEBUG    ___FILE_ONLY___ 
2026-05-21 13:26:57,861 DEBUG    ___FILE_ONLY___ 
2026-05-21 13:26:58,004 INFO     root            descriptor_list: [{'universeDomain': 'googleapis.com', 'universeShortName': '', 'authenticationDomain': 'auth.cloud.google.com', 'projectPrefix': '', 'cloudWebDomain': 'cloud.google.com', 'documentationDomain': 'cloud.google.com', 'version': '1.0.0', 'state': 'primary', 'artifactRegistryDomain': 'pkg.dev'}]
2026-05-21 13:26:58,004 INFO     ___FILE_ONLY___ 
Update done!


2026-05-21 13:26:58,008 DEBUG    root            Chosen display Format:none
2026-05-21 13:26:58,008 INFO     root            Display format: "none"
