2026-05-21 13:26:07,266 DEBUG    root            Failed to read GCE cache file: [Errno 2] No such file or directory: '/content/.config/gce'
2026-05-21 13:26:19,285 DEBUG    root            Failed to check metadata server: <urlopen error timed out>
2026-05-21 13:26:19,286 DEBUG    root            On GCE from server: False
2026-05-21 13:26:19,289 DEBUG    root            Loaded Command Group: ['gcloud', 'components']
2026-05-21 13:26:19,294 DEBUG    root            Loaded Command Group: ['gcloud', 'components', 'update']
2026-05-21 13:26:19,297 DEBUG    root            Running [gcloud.components.update] with arguments: [--compile-python: "True", --quiet: "True", COMPONENT-IDS:6: "['core', 'gcloud-deps', 'bq', 'gcloud', 'gcloud-crc32c', 'gsutil']"]
2026-05-21 13:26:19,299 INFO     ___FILE_ONLY___ Beginning update. This process may take several minutes.

2026-05-21 13:26:19,311 DEBUG    root            On GCE from memory cache: False
2026-05-21 13:26:19,314 DEBUG    root            On GCE from memory cache: False
2026-05-21 13:26:19,317 DEBUG    urllib3.connectionpool Starting new HTTPS connection (1): dl.google.com:443
2026-05-21 13:26:19,408 DEBUG    urllib3.connectionpool https://dl.google.com:443 "GET /dl/cloudsdk/channels/rapid/components-2.json HTTP/1.1" 200 25013
2026-05-21 13:26:19,427 INFO     ___FILE_ONLY___ 

2026-05-21 13:26:19,428 INFO     ___FILE_ONLY___ 
Your current Google Cloud CLI version is: 569.0.0

2026-05-21 13:26:19,428 INFO     ___FILE_ONLY___ Installing components from version: 569.0.0

2026-05-21 13:26:19,428 INFO     ___FILE_ONLY___ 

2026-05-21 13:26:19,429 DEBUG    root            Chosen display Format:table[box,title="These components will be removed."](details.display_name:label=Name:align=left,version.version_string:label=Version:align=right,data.size.size(zero="",min=1048576):label=Size:align=right)
2026-05-21 13:26:19,429 DEBUG    root            Chosen display Format:table[box,title="These components will be updated."](details.display_name:label=Name:align=left,version.version_string:label=Version:align=right,data.size.size(zero="",min=1048576):label=Size:align=right)
2026-05-21 13:26:19,430 DEBUG    root            Chosen display Format:table[box,title="These components will be installed."](details.display_name:label=Name:align=left,version.version_string:label=Version:align=right,data.size.size(zero="",min=1048576):label=Size:align=right)
2026-05-21 13:26:19,496 INFO     ___FILE_ONLY___ ┌─────────────────────────────────────────────────────────────────────────────┐
2026-05-21 13:26:19,496 INFO     ___FILE_ONLY___ 

2026-05-21 13:26:19,496 INFO     ___FILE_ONLY___ │                     These components will be installed.                     │
2026-05-21 13:26:19,496 INFO     ___FILE_ONLY___ 

2026-05-21 13:26:19,497 INFO     ___FILE_ONLY___ ├─────────────────────────────────────────────────────┬────────────┬──────────┤
2026-05-21 13:26:19,497 INFO     ___FILE_ONLY___ 

2026-05-21 13:26:19,497 INFO     ___FILE_ONLY___ │                         Name                        │  Version   │   Size   │
2026-05-21 13:26:19,497 INFO     ___FILE_ONLY___ 

2026-05-21 13:26:19,497 INFO     ___FILE_ONLY___ ├─────────────────────────────────────────────────────┼────────────┼──────────┤
2026-05-21 13:26:19,497 INFO     ___FILE_ONLY___ 

2026-05-21 13:26:19,497 INFO     ___FILE_ONLY___ │ 
2026-05-21 13:26:19,497 INFO     ___FILE_ONLY___ BigQuery Command Line Tool                         
2026-05-21 13:26:19,498 INFO     ___FILE_ONLY___  
2026-05-21 13:26:19,498 INFO     ___FILE_ONLY___ │ 
2026-05-21 13:26:19,498 INFO     ___FILE_ONLY___     2.1.31
2026-05-21 13:26:19,498 INFO     ___FILE_ONLY___  
2026-05-21 13:26:19,498 INFO     ___FILE_ONLY___ │ 
2026-05-21 13:26:19,498 INFO     ___FILE_ONLY___  1.8 MiB
2026-05-21 13:26:19,498 INFO     ___FILE_ONLY___  
2026-05-21 13:26:19,498 INFO     ___FILE_ONLY___ │
2026-05-21 13:26:19,498 INFO     ___FILE_ONLY___ 

2026-05-21 13:26:19,498 INFO     ___FILE_ONLY___ │ 
2026-05-21 13:26:19,499 INFO     ___FILE_ONLY___ BigQuery Command Line Tool (Platform Specific)     
2026-05-21 13:26:19,499 INFO     ___FILE_ONLY___  
2026-05-21 13:26:19,499 INFO     ___FILE_ONLY___ │ 
2026-05-21 13:26:19,499 INFO     ___FILE_ONLY___     2.1.31
2026-05-21 13:26:19,499 INFO     ___FILE_ONLY___  
2026-05-21 13:26:19,499 INFO     ___FILE_ONLY___ │ 
2026-05-21 13:26:19,499 INFO     ___FILE_ONLY___  < 1 MiB
2026-05-21 13:26:19,499 INFO     ___FILE_ONLY___  
2026-05-21 13:26:19,499 INFO     ___FILE_ONLY___ │
2026-05-21 13:26:19,499 INFO     ___FILE_ONLY___ 

2026-05-21 13:26:19,500 INFO     ___FILE_ONLY___ │ 
2026-05-21 13:26:19,500 INFO     ___FILE_ONLY___ Bundled Python 3.14 (Platform Specific)            
2026-05-21 13:26:19,500 INFO     ___FILE_ONLY___  
2026-05-21 13:26:19,500 INFO     ___FILE_ONLY___ │ 
2026-05-21 13:26:19,500 INFO     ___FILE_ONLY___     3.14.4
2026-05-21 13:26:19,500 INFO     ___FILE_ONLY___  
2026-05-21 13:26:19,500 INFO     ___FILE_ONLY___ │ 
2026-05-21 13:26:19,500 INFO     ___FILE_ONLY___ 25.9 MiB
2026-05-21 13:26:19,500 INFO     ___FILE_ONLY___  
2026-05-21 13:26:19,500 INFO     ___FILE_ONLY___ │
2026-05-21 13:26:19,500 INFO     ___FILE_ONLY___ 

2026-05-21 13:26:19,501 INFO     ___FILE_ONLY___ │ 
2026-05-21 13:26:19,501 INFO     ___FILE_ONLY___ Cloud Storage Command Line Tool                    
2026-05-21 13:26:19,501 INFO     ___FILE_ONLY___  
2026-05-21 13:26:19,501 INFO     ___FILE_ONLY___ │ 
2026-05-21 13:26:19,501 INFO     ___FILE_ONLY___       5.37
2026-05-21 13:26:19,501 INFO     ___FILE_ONLY___  
2026-05-21 13:26:19,501 INFO     ___FILE_ONLY___ │ 
2026-05-21 13:26:19,501 INFO     ___FILE_ONLY___ 12.4 MiB
2026-05-21 13:26:19,501 INFO     ___FILE_ONLY___  
2026-05-21 13:26:19,501 INFO     ___FILE_ONLY___ │
2026-05-21 13:26:19,501 INFO     ___FILE_ONLY___ 

2026-05-21 13:26:19,502 INFO     ___FILE_ONLY___ │ 
2026-05-21 13:26:19,502 INFO     ___FILE_ONLY___ Cloud Storage Command Line Tool (Platform Specific)
2026-05-21 13:26:19,502 INFO     ___FILE_ONLY___  
2026-05-21 13:26:19,502 INFO     ___FILE_ONLY___ │ 
2026-05-21 13:26:19,502 INFO     ___FILE_ONLY___       5.36
2026-05-21 13:26:19,502 INFO     ___FILE_ONLY___  
2026-05-21 13:26:19,502 INFO     ___FILE_ONLY___ │ 
2026-05-21 13:26:19,502 INFO     ___FILE_ONLY___  < 1 MiB
2026-05-21 13:26:19,502 INFO     ___FILE_ONLY___  
2026-05-21 13:26:19,502 INFO     ___FILE_ONLY___ │
2026-05-21 13:26:19,502 INFO     ___FILE_ONLY___ 

2026-05-21 13:26:19,502 INFO     ___FILE_ONLY___ │ 
2026-05-21 13:26:19,503 INFO     ___FILE_ONLY___ Google Cloud CLI Core Libraries (Platform Specific)
2026-05-21 13:26:19,503 INFO     ___FILE_ONLY___  
2026-05-21 13:26:19,503 INFO     ___FILE_ONLY___ │ 
2026-05-21 13:26:19,503 INFO     ___FILE_ONLY___ 2026.04.24
2026-05-21 13:26:19,503 INFO     ___FILE_ONLY___  
2026-05-21 13:26:19,503 INFO     ___FILE_ONLY___ │ 
2026-05-21 13:26:19,503 INFO     ___FILE_ONLY___  < 1 MiB
2026-05-21 13:26:19,503 INFO     ___FILE_ONLY___  
2026-05-21 13:26:19,503 INFO     ___FILE_ONLY___ │
2026-05-21 13:26:19,503 INFO     ___FILE_ONLY___ 

2026-05-21 13:26:19,504 INFO     ___FILE_ONLY___ │ 
2026-05-21 13:26:19,504 INFO     ___FILE_ONLY___ Google Cloud CRC32C Hash Tool (Platform Specific)  
2026-05-21 13:26:19,504 INFO     ___FILE_ONLY___  
2026-05-21 13:26:19,504 INFO     ___FILE_ONLY___ │ 
2026-05-21 13:26:19,504 INFO     ___FILE_ONLY___      1.0.0
2026-05-21 13:26:19,504 INFO     ___FILE_ONLY___  
2026-05-21 13:26:19,504 INFO     ___FILE_ONLY___ │ 
2026-05-21 13:26:19,504 INFO     ___FILE_ONLY___  1.5 MiB
2026-05-21 13:26:19,504 INFO     ___FILE_ONLY___  
2026-05-21 13:26:19,504 INFO     ___FILE_ONLY___ │
2026-05-21 13:26:19,504 INFO     ___FILE_ONLY___ 

2026-05-21 13:26:19,505 INFO     ___FILE_ONLY___ │ 
2026-05-21 13:26:19,505 INFO     ___FILE_ONLY___ gcloud cli dependencies (Platform Specific)        
2026-05-21 13:26:19,505 INFO     ___FILE_ONLY___  
2026-05-21 13:26:19,505 INFO     ___FILE_ONLY___ │ 
2026-05-21 13:26:19,505 INFO     ___FILE_ONLY___ 2021.04.16
2026-05-21 13:26:19,505 INFO     ___FILE_ONLY___  
2026-05-21 13:26:19,505 INFO     ___FILE_ONLY___ │ 
2026-05-21 13:26:19,505 INFO     ___FILE_ONLY___  < 1 MiB
2026-05-21 13:26:19,505 INFO     ___FILE_ONLY___  
2026-05-21 13:26:19,505 INFO     ___FILE_ONLY___ │
2026-05-21 13:26:19,505 INFO     ___FILE_ONLY___ 

2026-05-21 13:26:19,505 INFO     ___FILE_ONLY___ └─────────────────────────────────────────────────────┴────────────┴──────────┘
2026-05-21 13:26:19,506 INFO     ___FILE_ONLY___ 

2026-05-21 13:26:19,506 INFO     ___FILE_ONLY___ 

2026-05-21 13:26:19,507 DEBUG    root            On GCE from memory cache: False
2026-05-21 13:26:19,509 DEBUG    root            On GCE from memory cache: False
2026-05-21 13:26:19,511 DEBUG    urllib3.connectionpool Starting new HTTPS connection (1): dl.google.com:443
2026-05-21 13:26:19,597 DEBUG    urllib3.connectionpool https://dl.google.com:443 "GET /dl/cloudsdk/channels/rapid/RELEASE_NOTES HTTP/1.1" 200 364153
2026-05-21 13:26:20,409 INFO     ___FILE_ONLY___ For the latest full release notes, please visit:
  https://cloud.google.com/sdk/release_notes


2026-05-21 13:26:20,409 INFO     ___FILE_ONLY___ Performing in place update...


2026-05-21 13:26:20,412 INFO     ___FILE_ONLY___ ╔════════════════════════════════════════════════════════════╗

2026-05-21 13:26:20,412 INFO     ___FILE_ONLY___ ╠═ Downloading: BigQuery Command Line Tool                  ═╣

2026-05-21 13:26:20,412 INFO     ___FILE_ONLY___ ╚
2026-05-21 13:26:20,413 DEBUG    root            On GCE from memory cache: False
2026-05-21 13:26:20,414 DEBUG    root            On GCE from memory cache: False
2026-05-21 13:26:20,415 DEBUG    urllib3.connectionpool Starting new HTTPS connection (1): dl.google.com:443
2026-05-21 13:26:20,492 DEBUG    urllib3.connectionpool https://dl.google.com:443 "GET /dl/cloudsdk/channels/rapid/components/google-cloud-sdk-bq-20260327141905.tar.gz HTTP/1.1" 200 1931708
2026-05-21 13:26:20,505 INFO     ___FILE_ONLY___ ═
2026-05-21 13:26:20,505 INFO     ___FILE_ONLY___ ═
2026-05-21 13:26:20,505 INFO     ___FILE_ONLY___ ═
2026-05-21 13:26:20,505 INFO     ___FILE_ONLY___ ═
2026-05-21 13:26:20,505 INFO     ___FILE_ONLY___ ═
2026-05-21 13:26:20,506 INFO     ___FILE_ONLY___ ═
2026-05-21 13:26:20,506 INFO     ___FILE_ONLY___ ═
2026-05-21 13:26:20,506 INFO     ___FILE_ONLY___ ═
2026-05-21 13:26:20,506 INFO     ___FILE_ONLY___ ═
2026-05-21 13:26:20,506 INFO     ___FILE_ONLY___ ═
2026-05-21 13:26:20,506 INFO     ___FILE_ONLY___ ═
2026-05-21 13:26:20,506 INFO     ___FILE_ONLY___ ═
2026-05-21 13:26:20,506 INFO     ___FILE_ONLY___ ═
2026-05-21 13:26:20,507 INFO     ___FILE_ONLY___ ═
2026-05-21 13:26:20,507 INFO     ___FILE_ONLY___ ═
2026-05-21 13:26:20,507 INFO     ___FILE_ONLY___ ═
2026-05-21 13:26:20,507 INFO     ___FILE_ONLY___ ═
2026-05-21 13:26:20,507 INFO     ___FILE_ONLY___ ═
2026-05-21 13:26:20,507 INFO     ___FILE_ONLY___ ═
2026-05-21 13:26:20,507 INFO     ___FILE_ONLY___ ═
2026-05-21 13:26:20,508 INFO     ___FILE_ONLY___ ═
2026-05-21 13:26:20,508 INFO     ___FILE_ONLY___ ═
2026-05-21 13:26:20,508 INFO     ___FILE_ONLY___ ═
2026-05-21 13:26:20,508 INFO     ___FILE_ONLY___ ═
2026-05-21 13:26:20,508 INFO     ___FILE_ONLY___ ═
2026-05-21 13:26:20,508 INFO     ___FILE_ONLY___ ═
2026-05-21 13:26:20,508 INFO     ___FILE_ONLY___ ═
2026-05-21 13:26:20,508 INFO     ___FILE_ONLY___ ═
2026-05-21 13:26:20,509 INFO     ___FILE_ONLY___ ═
2026-05-21 13:26:20,509 INFO     ___FILE_ONLY___ ═
2026-05-21 13:26:20,509 INFO     ___FILE_ONLY___ ═
2026-05-21 13:26:20,509 INFO     ___FILE_ONLY___ ═
2026-05-21 13:26:20,509 INFO     ___FILE_ONLY___ ═
2026-05-21 13:26:20,509 INFO     ___FILE_ONLY___ ═
2026-05-21 13:26:20,509 INFO     ___FILE_ONLY___ ═
2026-05-21 13:26:20,509 INFO     ___FILE_ONLY___ ═
2026-05-21 13:26:20,510 INFO     ___FILE_ONLY___ ═
2026-05-21 13:26:20,510 INFO     ___FILE_ONLY___ ═
2026-05-21 13:26:20,510 INFO     ___FILE_ONLY___ ═
2026-05-21 13:26:20,510 INFO     ___FILE_ONLY___ ═
2026-05-21 13:26:20,510 INFO     ___FILE_ONLY___ ═
2026-05-21 13:26:20,510 INFO     ___FILE_ONLY___ ═
2026-05-21 13:26:20,510 INFO     ___FILE_ONLY___ ═
2026-05-21 13:26:20,511 INFO     ___FILE_ONLY___ ═
2026-05-21 13:26:20,511 INFO     ___FILE_ONLY___ ═
2026-05-21 13:26:20,511 INFO     ___FILE_ONLY___ ═
2026-05-21 13:26:20,511 INFO     ___FILE_ONLY___ ═
2026-05-21 13:26:20,511 INFO     ___FILE_ONLY___ ═
2026-05-21 13:26:20,511 INFO     ___FILE_ONLY___ ═
2026-05-21 13:26:20,511 INFO     ___FILE_ONLY___ ═
2026-05-21 13:26:20,511 INFO     ___FILE_ONLY___ ═
2026-05-21 13:26:20,512 INFO     ___FILE_ONLY___ ═
2026-05-21 13:26:20,512 INFO     ___FILE_ONLY___ ═
2026-05-21 13:26:20,512 INFO     ___FILE_ONLY___ ═
2026-05-21 13:26:20,512 INFO     ___FILE_ONLY___ ═
2026-05-21 13:26:20,512 INFO     ___FILE_ONLY___ ═
2026-05-21 13:26:20,512 INFO     ___FILE_ONLY___ ═
2026-05-21 13:26:20,512 INFO     ___FILE_ONLY___ ═
2026-05-21 13:26:20,513 INFO     ___FILE_ONLY___ ═
2026-05-21 13:26:20,513 INFO     ___FILE_ONLY___ ═
2026-05-21 13:26:20,513 INFO     ___FILE_ONLY___ ╝

2026-05-21 13:26:20,515 INFO     ___FILE_ONLY___ ╔════════════════════════════════════════════════════════════╗

2026-05-21 13:26:20,515 INFO     ___FILE_ONLY___ ╠═ Downloading: BigQuery Command Line Tool (Platform Spe... ═╣

2026-05-21 13:26:20,515 INFO     ___FILE_ONLY___ ╚
2026-05-21 13:26:20,516 DEBUG    root            On GCE from memory cache: False
2026-05-21 13:26:20,517 DEBUG    root            On GCE from memory cache: False
2026-05-21 13:26:20,518 DEBUG    urllib3.connectionpool Starting new HTTPS connection (1): dl.google.com:443
2026-05-21 13:26:20,612 DEBUG    urllib3.connectionpool https://dl.google.com:443 "GET /dl/cloudsdk/channels/rapid/components/google-cloud-sdk-bq-nix-20260424041539.tar.gz HTTP/1.1" 200 1948
2026-05-21 13:26:20,613 INFO     ___FILE_ONLY___ ════════════════════════════════════════════════════════════
2026-05-21 13:26:20,613 INFO     ___FILE_ONLY___ ╝

2026-05-21 13:26:20,615 INFO     ___FILE_ONLY___ ╔════════════════════════════════════════════════════════════╗

2026-05-21 13:26:20,615 INFO     ___FILE_ONLY___ ╠═ Downloading: Bundled Python 3.14                         ═╣

2026-05-21 13:26:20,615 INFO     ___FILE_ONLY___ ╚
2026-05-21 13:26:20,615 INFO     ___FILE_ONLY___ ════════════════════════════════════════════════════════════
2026-05-21 13:26:20,615 INFO     ___FILE_ONLY___ ╝

2026-05-21 13:26:20,617 INFO     ___FILE_ONLY___ ╔════════════════════════════════════════════════════════════╗

2026-05-21 13:26:20,617 INFO     ___FILE_ONLY___ ╠═ Downloading: Bundled Python 3.14 (Platform Specific)     ═╣

2026-05-21 13:26:20,617 INFO     ___FILE_ONLY___ ╚
2026-05-21 13:26:20,618 DEBUG    root            On GCE from memory cache: False
2026-05-21 13:26:20,620 DEBUG    root            On GCE from memory cache: False
2026-05-21 13:26:20,621 DEBUG    urllib3.connectionpool Starting new HTTPS connection (1): dl.google.com:443
2026-05-21 13:26:20,701 DEBUG    urllib3.connectionpool https://dl.google.com:443 "GET /dl/cloudsdk/channels/rapid/components/google-cloud-sdk-bundled-python3-unix-linux-x86_64-20260508041647.tar.gz HTTP/1.1" 200 27141728
2026-05-21 13:26:20,844 INFO     ___FILE_ONLY___ ═
2026-05-21 13:26:20,845 INFO     ___FILE_ONLY___ ═
2026-05-21 13:26:20,846 INFO     ___FILE_ONLY___ ═
2026-05-21 13:26:20,847 INFO     ___FILE_ONLY___ ═
2026-05-21 13:26:20,848 INFO     ___FILE_ONLY___ ═
2026-05-21 13:26:20,849 INFO     ___FILE_ONLY___ ═
2026-05-21 13:26:20,849 INFO     ___FILE_ONLY___ ═
2026-05-21 13:26:20,850 INFO     ___FILE_ONLY___ ═
2026-05-21 13:26:20,851 INFO     ___FILE_ONLY___ ═
2026-05-21 13:26:20,852 INFO     ___FILE_ONLY___ ═
2026-05-21 13:26:20,852 INFO     ___FILE_ONLY___ ═
2026-05-21 13:26:20,853 INFO     ___FILE_ONLY___ ═
2026-05-21 13:26:20,854 INFO     ___FILE_ONLY___ ═
2026-05-21 13:26:20,855 INFO     ___FILE_ONLY___ ═
2026-05-21 13:26:20,855 INFO     ___FILE_ONLY___ ═
2026-05-21 13:26:20,856 INFO     ___FILE_ONLY___ ═
2026-05-21 13:26:20,857 INFO     ___FILE_ONLY___ ═
2026-05-21 13:26:20,858 INFO     ___FILE_ONLY___ ═
2026-05-21 13:26:20,858 INFO     ___FILE_ONLY___ ═
2026-05-21 13:26:20,859 INFO     ___FILE_ONLY___ ═
2026-05-21 13:26:20,860 INFO     ___FILE_ONLY___ ═
2026-05-21 13:26:20,861 INFO     ___FILE_ONLY___ ═
2026-05-21 13:26:20,861 INFO     ___FILE_ONLY___ ═
2026-05-21 13:26:20,862 INFO     ___FILE_ONLY___ ═
2026-05-21 13:26:20,863 INFO     ___FILE_ONLY___ ═
2026-05-21 13:26:20,864 INFO     ___FILE_ONLY___ ═
2026-05-21 13:26:20,864 INFO     ___FILE_ONLY___ ═
2026-05-21 13:26:20,865 INFO     ___FILE_ONLY___ ═
2026-05-21 13:26:20,866 INFO     ___FILE_ONLY___ ═
2026-05-21 13:26:20,867 INFO     ___FILE_ONLY___ ═
2026-05-21 13:26:20,867 INFO     ___FILE_ONLY___ ═
2026-05-21 13:26:20,868 INFO     ___FILE_ONLY___ ═
2026-05-21 13:26:20,869 INFO     ___FILE_ONLY___ ═
2026-05-21 13:26:20,870 INFO     ___FILE_ONLY___ ═
2026-05-21 13:26:20,870 INFO     ___FILE_ONLY___ ═
2026-05-21 13:26:20,871 INFO     ___FILE_ONLY___ ═
2026-05-21 13:26:20,872 INFO     ___FILE_ONLY___ ═
2026-05-21 13:26:20,873 INFO     ___FILE_ONLY___ ═
2026-05-21 13:26:20,873 INFO     ___FILE_ONLY___ ═
2026-05-21 13:26:20,874 INFO     ___FILE_ONLY___ ═
2026-05-21 13:26:20,875 INFO     ___FILE_ONLY___ ═
2026-05-21 13:26:20,876 INFO     ___FILE_ONLY___ ═
2026-05-21 13:26:20,876 INFO     ___FILE_ONLY___ ═
2026-05-21 13:26:20,877 INFO     ___FILE_ONLY___ ═
2026-05-21 13:26:20,878 INFO     ___FILE_ONLY___ ═
2026-05-21 13:26:20,879 INFO     ___FILE_ONLY___ ═
2026-05-21 13:26:20,879 INFO     ___FILE_ONLY___ ═
2026-05-21 13:26:20,880 INFO     ___FILE_ONLY___ ═
2026-05-21 13:26:20,881 INFO     ___FILE_ONLY___ ═
2026-05-21 13:26:20,882 INFO     ___FILE_ONLY___ ═
2026-05-21 13:26:20,882 INFO     ___FILE_ONLY___ ═
2026-05-21 13:26:20,883 INFO     ___FILE_ONLY___ ═
2026-05-21 13:26:20,884 INFO     ___FILE_ONLY___ ═
2026-05-21 13:26:20,885 INFO     ___FILE_ONLY___ ═
2026-05-21 13:26:20,885 INFO     ___FILE_ONLY___ ═
2026-05-21 13:26:20,886 INFO     ___FILE_ONLY___ ═
2026-05-21 13:26:20,887 INFO     ___FILE_ONLY___ ═
2026-05-21 13:26:20,888 INFO     ___FILE_ONLY___ ═
2026-05-21 13:26:20,889 INFO     ___FILE_ONLY___ ═
2026-05-21 13:26:20,889 INFO     ___FILE_ONLY___ ═
2026-05-21 13:26:20,889 INFO     ___FILE_ONLY___ ╝

2026-05-21 13:26:20,892 INFO     ___FILE_ONLY___ ╔════════════════════════════════════════════════════════════╗

2026-05-21 13:26:20,892 INFO     ___FILE_ONLY___ ╠═ Downloading: Cloud Storage Command Line Tool             ═╣

2026-05-21 13:26:20,892 INFO     ___FILE_ONLY___ ╚
2026-05-21 13:26:20,894 DEBUG    root            On GCE from memory cache: False
2026-05-21 13:26:20,895 DEBUG    root            On GCE from memory cache: False
2026-05-21 13:26:20,897 DEBUG    urllib3.connectionpool Starting new HTTPS connection (1): dl.google.com:443
2026-05-21 13:26:20,977 DEBUG    urllib3.connectionpool https://dl.google.com:443 "GET /dl/cloudsdk/channels/rapid/components/google-cloud-sdk-gsutil-20260501041631.tar.gz HTTP/1.1" 200 12967034
2026-05-21 13:26:21,039 INFO     ___FILE_ONLY___ ═
2026-05-21 13:26:21,040 INFO     ___FILE_ONLY___ ═
2026-05-21 13:26:21,040 INFO     ___FILE_ONLY___ ═
2026-05-21 13:26:21,041 INFO     ___FILE_ONLY___ ═
2026-05-21 13:26:21,041 INFO     ___FILE_ONLY___ ═
2026-05-21 13:26:21,042 INFO     ___FILE_ONLY___ ═
2026-05-21 13:26:21,042 INFO     ___FILE_ONLY___ ═
2026-05-21 13:26:21,043 INFO     ___FILE_ONLY___ ═
2026-05-21 13:26:21,043 INFO     ___FILE_ONLY___ ═
2026-05-21 13:26:21,044 INFO     ___FILE_ONLY___ ═
2026-05-21 13:26:21,044 INFO     ___FILE_ONLY___ ═
2026-05-21 13:26:21,044 INFO     ___FILE_ONLY___ ═
2026-05-21 13:26:21,045 INFO     ___FILE_ONLY___ ═
2026-05-21 13:26:21,045 INFO     ___FILE_ONLY___ ═
2026-05-21 13:26:21,046 INFO     ___FILE_ONLY___ ═
2026-05-21 13:26:21,046 INFO     ___FILE_ONLY___ ═
2026-05-21 13:26:21,047 INFO     ___FILE_ONLY___ ═
2026-05-21 13:26:21,047 INFO     ___FILE_ONLY___ ═
2026-05-21 13:26:21,047 INFO     ___FILE_ONLY___ ═
2026-05-21 13:26:21,048 INFO     ___FILE_ONLY___ ═
2026-05-21 13:26:21,048 INFO     ___FILE_ONLY___ ═
2026-05-21 13:26:21,049 INFO     ___FILE_ONLY___ ═
2026-05-21 13:26:21,049 INFO     ___FILE_ONLY___ ═
2026-05-21 13:26:21,050 INFO     ___FILE_ONLY___ ═
2026-05-21 13:26:21,050 INFO     ___FILE_ONLY___ ═
2026-05-21 13:26:21,050 INFO     ___FILE_ONLY___ ═
2026-05-21 13:26:21,051 INFO     ___FILE_ONLY___ ═
2026-05-21 13:26:21,051 INFO     ___FILE_ONLY___ ═
2026-05-21 13:26:21,052 INFO     ___FILE_ONLY___ ═
2026-05-21 13:26:21,052 INFO     ___FILE_ONLY___ ═
2026-05-21 13:26:21,053 INFO     ___FILE_ONLY___ ═
2026-05-21 13:26:21,053 INFO     ___FILE_ONLY___ ═
2026-05-21 13:26:21,054 INFO     ___FILE_ONLY___ ═
2026-05-21 13:26:21,054 INFO     ___FILE_ONLY___ ═
2026-05-21 13:26:21,054 INFO     ___FILE_ONLY___ ═
2026-05-21 13:26:21,055 INFO     ___FILE_ONLY___ ═
2026-05-21 13:26:21,055 INFO     ___FILE_ONLY___ ═
2026-05-21 13:26:21,056 INFO     ___FILE_ONLY___ ═
2026-05-21 13:26:21,056 INFO     ___FILE_ONLY___ ═
2026-05-21 13:26:21,057 INFO     ___FILE_ONLY___ ═
2026-05-21 13:26:21,057 INFO     ___FILE_ONLY___ ═
2026-05-21 13:26:21,057 INFO     ___FILE_ONLY___ ═
2026-05-21 13:26:21,058 INFO     ___FILE_ONLY___ ═
2026-05-21 13:26:21,058 INFO     ___FILE_ONLY___ ═
2026-05-21 13:26:21,059 INFO     ___FILE_ONLY___ ═
2026-05-21 13:26:21,059 INFO     ___FILE_ONLY___ ═
2026-05-21 13:26:21,059 INFO     ___FILE_ONLY___ ═
2026-05-21 13:26:21,060 INFO     ___FILE_ONLY___ ═
2026-05-21 13:26:21,060 INFO     ___FILE_ONLY___ ═
2026-05-21 13:26:21,061 INFO     ___FILE_ONLY___ ═
2026-05-21 13:26:21,061 INFO     ___FILE_ONLY___ ═
2026-05-21 13:26:21,062 INFO     ___FILE_ONLY___ ═
2026-05-21 13:26:21,062 INFO     ___FILE_ONLY___ ═
2026-05-21 13:26:21,062 INFO     ___FILE_ONLY___ ═
2026-05-21 13:26:21,063 INFO     ___FILE_ONLY___ ═
2026-05-21 13:26:21,063 INFO     ___FILE_ONLY___ ═
2026-05-21 13:26:21,064 INFO     ___FILE_ONLY___ ═
2026-05-21 13:26:21,064 INFO     ___FILE_ONLY___ ═
2026-05-21 13:26:21,065 INFO     ___FILE_ONLY___ ═
2026-05-21 13:26:21,065 INFO     ___FILE_ONLY___ ═
2026-05-21 13:26:21,065 INFO     ___FILE_ONLY___ ╝

2026-05-21 13:26:21,067 INFO     ___FILE_ONLY___ ╔════════════════════════════════════════════════════════════╗

2026-05-21 13:26:21,067 INFO     ___FILE_ONLY___ ╠═ Downloading: Cloud Storage Command Line Tool (Platfor... ═╣

2026-05-21 13:26:21,068 INFO     ___FILE_ONLY___ ╚
2026-05-21 13:26:21,069 DEBUG    root            On GCE from memory cache: False
2026-05-21 13:26:21,070 DEBUG    root            On GCE from memory cache: False
2026-05-21 13:26:21,071 DEBUG    urllib3.connectionpool Starting new HTTPS connection (1): dl.google.com:443
2026-05-21 13:26:21,150 DEBUG    urllib3.connectionpool https://dl.google.com:443 "GET /dl/cloudsdk/channels/rapid/components/google-cloud-sdk-gsutil-nix-20260424041539.tar.gz HTTP/1.1" 200 1963
2026-05-21 13:26:21,151 INFO     ___FILE_ONLY___ ════════════════════════════════════════════════════════════
2026-05-21 13:26:21,151 INFO     ___FILE_ONLY___ ╝

2026-05-21 13:26:21,153 INFO     ___FILE_ONLY___ ╔════════════════════════════════════════════════════════════╗

2026-05-21 13:26:21,154 INFO     ___FILE_ONLY___ ╠═ Downloading: Default set of gcloud commands              ═╣

2026-05-21 13:26:21,154 INFO     ___FILE_ONLY___ ╚
2026-05-21 13:26:21,154 INFO     ___FILE_ONLY___ ════════════════════════════════════════════════════════════
2026-05-21 13:26:21,154 INFO     ___FILE_ONLY___ ╝

2026-05-21 13:26:21,156 INFO     ___FILE_ONLY___ ╔════════════════════════════════════════════════════════════╗

2026-05-21 13:26:21,156 INFO     ___FILE_ONLY___ ╠═ Downloading: Google Cloud CLI Core Libraries (Platfor... ═╣

2026-05-21 13:26:21,156 INFO     ___FILE_ONLY___ ╚
2026-05-21 13:26:21,157 DEBUG    root            On GCE from memory cache: False
2026-05-21 13:26:21,159 DEBUG    root            On GCE from memory cache: False
2026-05-21 13:26:21,160 DEBUG    urllib3.connectionpool Starting new HTTPS connection (1): dl.google.com:443
2026-05-21 13:26:21,245 DEBUG    urllib3.connectionpool https://dl.google.com:443 "GET /dl/cloudsdk/channels/rapid/components/google-cloud-sdk-core-nix-20260424041539.tar.gz HTTP/1.1" 200 2342
2026-05-21 13:26:21,246 INFO     ___FILE_ONLY___ ════════════════════════════════════════════════════════════
2026-05-21 13:26:21,246 INFO     ___FILE_ONLY___ ╝

2026-05-21 13:26:21,249 INFO     ___FILE_ONLY___ ╔════════════════════════════════════════════════════════════╗

2026-05-21 13:26:21,249 INFO     ___FILE_ONLY___ ╠═ Downloading: Google Cloud CRC32C Hash Tool               ═╣

2026-05-21 13:26:21,249 INFO     ___FILE_ONLY___ ╚
2026-05-21 13:26:21,249 INFO     ___FILE_ONLY___ ════════════════════════════════════════════════════════════
2026-05-21 13:26:21,249 INFO     ___FILE_ONLY___ ╝

2026-05-21 13:26:21,251 INFO     ___FILE_ONLY___ ╔════════════════════════════════════════════════════════════╗

2026-05-21 13:26:21,251 INFO     ___FILE_ONLY___ ╠═ Downloading: Google Cloud CRC32C Hash Tool (Platform ... ═╣

2026-05-21 13:26:21,251 INFO     ___FILE_ONLY___ ╚
2026-05-21 13:26:21,253 DEBUG    root            On GCE from memory cache: False
2026-05-21 13:26:21,254 DEBUG    root            On GCE from memory cache: False
2026-05-21 13:26:21,256 DEBUG    urllib3.connectionpool Starting new HTTPS connection (1): dl.google.com:443
2026-05-21 13:26:21,336 DEBUG    urllib3.connectionpool https://dl.google.com:443 "GET /dl/cloudsdk/channels/rapid/components/google-cloud-sdk-gcloud-crc32c-linux-x86_64-20260424041539.tar.gz HTTP/1.1" 200 1609375
2026-05-21 13:26:21,350 INFO     ___FILE_ONLY___ ═
2026-05-21 13:26:21,350 INFO     ___FILE_ONLY___ ═
2026-05-21 13:26:21,350 INFO     ___FILE_ONLY___ ═
2026-05-21 13:26:21,351 INFO     ___FILE_ONLY___ ═
2026-05-21 13:26:21,351 INFO     ___FILE_ONLY___ ═
2026-05-21 13:26:21,351 INFO     ___FILE_ONLY___ ═
2026-05-21 13:26:21,351 INFO     ___FILE_ONLY___ ═
2026-05-21 13:26:21,351 INFO     ___FILE_ONLY___ ═
2026-05-21 13:26:21,351 INFO     ___FILE_ONLY___ ═
2026-05-21 13:26:21,352 INFO     ___FILE_ONLY___ ═
2026-05-21 13:26:21,352 INFO     ___FILE_ONLY___ ═
2026-05-21 13:26:21,352 INFO     ___FILE_ONLY___ ═
2026-05-21 13:26:21,352 INFO     ___FILE_ONLY___ ═
2026-05-21 13:26:21,352 INFO     ___FILE_ONLY___ ═
2026-05-21 13:26:21,352 INFO     ___FILE_ONLY___ ═
2026-05-21 13:26:21,352 INFO     ___FILE_ONLY___ ═
2026-05-21 13:26:21,352 INFO     ___FILE_ONLY___ ═
2026-05-21 13:26:21,353 INFO     ___FILE_ONLY___ ═
2026-05-21 13:26:21,353 INFO     ___FILE_ONLY___ ═
2026-05-21 13:26:21,353 INFO     ___FILE_ONLY___ ═
2026-05-21 13:26:21,353 INFO     ___FILE_ONLY___ ═
2026-05-21 13:26:21,353 INFO     ___FILE_ONLY___ ═
2026-05-21 13:26:21,353 INFO     ___FILE_ONLY___ ═
2026-05-21 13:26:21,353 INFO     ___FILE_ONLY___ ═
2026-05-21 13:26:21,354 INFO     ___FILE_ONLY___ ═
2026-05-21 13:26:21,354 INFO     ___FILE_ONLY___ ═
2026-05-21 13:26:21,354 INFO     ___FILE_ONLY___ ═
2026-05-21 13:26:21,354 INFO     ___FILE_ONLY___ ═
2026-05-21 13:26:21,354 INFO     ___FILE_ONLY___ ═
2026-05-21 13:26:21,354 INFO     ___FILE_ONLY___ ═
2026-05-21 13:26:21,354 INFO     ___FILE_ONLY___ ═
2026-05-21 13:26:21,354 INFO     ___FILE_ONLY___ ═
2026-05-21 13:26:21,355 INFO     ___FILE_ONLY___ ═
2026-05-21 13:26:21,355 INFO     ___FILE_ONLY___ ═
2026-05-21 13:26:21,355 INFO     ___FILE_ONLY___ ═
2026-05-21 13:26:21,355 INFO     ___FILE_ONLY___ ═
2026-05-21 13:26:21,355 INFO     ___FILE_ONLY___ ═
2026-05-21 13:26:21,355 INFO     ___FILE_ONLY___ ═
2026-05-21 13:26:21,355 INFO     ___FILE_ONLY___ ═
2026-05-21 13:26:21,355 INFO     ___FILE_ONLY___ ═
2026-05-21 13:26:21,356 INFO     ___FILE_ONLY___ ═
2026-05-21 13:26:21,356 INFO     ___FILE_ONLY___ ═
2026-05-21 13:26:21,356 INFO     ___FILE_ONLY___ ═
2026-05-21 13:26:21,356 INFO     ___FILE_ONLY___ ═
2026-05-21 13:26:21,356 INFO     ___FILE_ONLY___ ═
2026-05-21 13:26:21,356 INFO     ___FILE_ONLY___ ═
2026-05-21 13:26:21,356 INFO     ___FILE_ONLY___ ═
2026-05-21 13:26:21,356 INFO     ___FILE_ONLY___ ═
2026-05-21 13:26:21,357 INFO     ___FILE_ONLY___ ═
2026-05-21 13:26:21,357 INFO     ___FILE_ONLY___ ═
2026-05-21 13:26:21,357 INFO     ___FILE_ONLY___ ═
2026-05-21 13:26:21,357 INFO     ___FILE_ONLY___ ═
2026-05-21 13:26:21,357 INFO     ___FILE_ONLY___ ═
2026-05-21 13:26:21,357 INFO     ___FILE_ONLY___ ═
2026-05-21 13:26:21,357 INFO     ___FILE_ONLY___ ═
2026-05-21 13:26:21,357 INFO     ___FILE_ONLY___ ═
2026-05-21 13:26:21,357 INFO     ___FILE_ONLY___ ═
2026-05-21 13:26:21,358 INFO     ___FILE_ONLY___ ═
2026-05-21 13:26:21,358 INFO     ___FILE_ONLY___ ═
2026-05-21 13:26:21,358 INFO     ___FILE_ONLY___ ═
2026-05-21 13:26:21,358 INFO     ___FILE_ONLY___ ╝

2026-05-21 13:26:21,360 INFO     ___FILE_ONLY___ ╔════════════════════════════════════════════════════════════╗

2026-05-21 13:26:21,360 INFO     ___FILE_ONLY___ ╠═ Downloading: gcloud cli dependencies (Platform Specific) ═╣

2026-05-21 13:26:21,361 INFO     ___FILE_ONLY___ ╚
2026-05-21 13:26:21,362 DEBUG    root            On GCE from memory cache: False
2026-05-21 13:26:21,363 DEBUG    root            On GCE from memory cache: False
2026-05-21 13:26:21,364 DEBUG    urllib3.connectionpool Starting new HTTPS connection (1): dl.google.com:443
2026-05-21 13:26:21,485 DEBUG    urllib3.connectionpool https://dl.google.com:443 "GET /dl/cloudsdk/channels/rapid/components/google-cloud-sdk-gcloud-deps-linux-x86_64-20210416153011.tar.gz HTTP/1.1" 200 104
2026-05-21 13:26:21,486 INFO     ___FILE_ONLY___ ════════════════════════════════════════════════════════════
2026-05-21 13:26:21,486 INFO     ___FILE_ONLY___ ╝

2026-05-21 13:26:21,489 INFO     ___FILE_ONLY___ ╔════════════════════════════════════════════════════════════╗

2026-05-21 13:26:21,489 INFO     ___FILE_ONLY___ ╠═ Installing: BigQuery Command Line Tool                   ═╣

2026-05-21 13:26:21,490 INFO     ___FILE_ONLY___ ╚
2026-05-21 13:26:21,653 INFO     ___FILE_ONLY___ ═
2026-05-21 13:26:21,657 INFO     ___FILE_ONLY___ ═
2026-05-21 13:26:21,661 INFO     ___FILE_ONLY___ ═
2026-05-21 13:26:21,665 INFO     ___FILE_ONLY___ ═
2026-05-21 13:26:21,669 INFO     ___FILE_ONLY___ ═
2026-05-21 13:26:21,672 INFO     ___FILE_ONLY___ ═
2026-05-21 13:26:21,676 INFO     ___FILE_ONLY___ ═
2026-05-21 13:26:21,680 INFO     ___FILE_ONLY___ ═
2026-05-21 13:26:21,683 INFO     ___FILE_ONLY___ ═
2026-05-21 13:26:21,687 INFO     ___FILE_ONLY___ ═
2026-05-21 13:26:21,690 INFO     ___FILE_ONLY___ ═
2026-05-21 13:26:21,694 INFO     ___FILE_ONLY___ ═
2026-05-21 13:26:21,697 INFO     ___FILE_ONLY___ ═
2026-05-21 13:26:21,701 INFO     ___FILE_ONLY___ ═
2026-05-21 13:26:21,705 INFO     ___FILE_ONLY___ ═
2026-05-21 13:26:21,708 INFO     ___FILE_ONLY___ ═
2026-05-21 13:26:21,712 INFO     ___FILE_ONLY___ ═
2026-05-21 13:26:21,716 INFO     ___FILE_ONLY___ ═
2026-05-21 13:26:21,720 INFO     ___FILE_ONLY___ ═
2026-05-21 13:26:21,724 INFO     ___FILE_ONLY___ ═
2026-05-21 13:26:21,727 INFO     ___FILE_ONLY___ ═
2026-05-21 13:26:21,730 INFO     ___FILE_ONLY___ ═
2026-05-21 13:26:21,733 INFO     ___FILE_ONLY___ ═
2026-05-21 13:26:21,737 INFO     ___FILE_ONLY___ ═
2026-05-21 13:26:21,740 INFO     ___FILE_ONLY___ ═
2026-05-21 13:26:21,743 INFO     ___FILE_ONLY___ ═
2026-05-21 13:26:21,746 INFO     ___FILE_ONLY___ ═
2026-05-21 13:26:21,749 INFO     ___FILE_ONLY___ ═
2026-05-21 13:26:21,752 INFO     ___FILE_ONLY___ ═
2026-05-21 13:26:21,755 INFO     ___FILE_ONLY___ ═
2026-05-21 13:26:21,757 INFO     ___FILE_ONLY___ ═
2026-05-21 13:26:21,760 INFO     ___FILE_ONLY___ ═
2026-05-21 13:26:21,762 INFO     ___FILE_ONLY___ ═
2026-05-21 13:26:21,767 INFO     ___FILE_ONLY___ ═
2026-05-21 13:26:21,770 INFO     ___FILE_ONLY___ ═
2026-05-21 13:26:21,773 INFO     ___FILE_ONLY___ ═
2026-05-21 13:26:21,777 INFO     ___FILE_ONLY___ ═
2026-05-21 13:26:21,782 INFO     ___FILE_ONLY___ ═
2026-05-21 13:26:21,793 INFO     ___FILE_ONLY___ ═
2026-05-21 13:26:21,804 INFO     ___FILE_ONLY___ ═
2026-05-21 13:26:21,808 INFO     ___FILE_ONLY___ ═
2026-05-21 13:26:21,811 INFO     ___FILE_ONLY___ ═
2026-05-21 13:26:21,816 INFO     ___FILE_ONLY___ ═
2026-05-21 13:26:21,819 INFO     ___FILE_ONLY___ ═
2026-05-21 13:26:21,823 INFO     ___FILE_ONLY___ ═
2026-05-21 13:26:21,829 INFO     ___FILE_ONLY___ ═
2026-05-21 13:26:21,833 INFO     ___FILE_ONLY___ ═
2026-05-21 13:26:21,837 INFO     ___FILE_ONLY___ ═
2026-05-21 13:26:21,840 INFO     ___FILE_ONLY___ ═
2026-05-21 13:26:21,843 INFO     ___FILE_ONLY___ ═
2026-05-21 13:26:21,846 INFO     ___FILE_ONLY___ ═
2026-05-21 13:26:21,849 INFO     ___FILE_ONLY___ ═
2026-05-21 13:26:21,853 INFO     ___FILE_ONLY___ ═
2026-05-21 13:26:21,856 INFO     ___FILE_ONLY___ ═
2026-05-21 13:26:21,859 INFO     ___FILE_ONLY___ ═
2026-05-21 13:26:21,863 INFO     ___FILE_ONLY___ ═
2026-05-21 13:26:21,866 INFO     ___FILE_ONLY___ ═
2026-05-21 13:26:21,870 INFO     ___FILE_ONLY___ ═
2026-05-21 13:26:21,872 INFO     ___FILE_ONLY___ ═
2026-05-21 13:26:21,876 INFO     ___FILE_ONLY___ ═
2026-05-21 13:26:21,876 INFO     ___FILE_ONLY___ ╝

2026-05-21 13:26:21,889 INFO     ___FILE_ONLY___ ╔════════════════════════════════════════════════════════════╗

2026-05-21 13:26:21,889 INFO     ___FILE_ONLY___ ╠═ Installing: BigQuery Command Line Tool (Platform Spec... ═╣

2026-05-21 13:26:21,889 INFO     ___FILE_ONLY___ ╚
2026-05-21 13:26:21,890 INFO     ___FILE_ONLY___ ════════════════════════════════════════════════════════════
2026-05-21 13:26:21,890 INFO     ___FILE_ONLY___ ╝

2026-05-21 13:26:21,899 INFO     ___FILE_ONLY___ ╔════════════════════════════════════════════════════════════╗

2026-05-21 13:26:21,899 INFO     ___FILE_ONLY___ ╠═ Installing: Bundled Python 3.14                          ═╣

2026-05-21 13:26:21,899 INFO     ___FILE_ONLY___ ╚
2026-05-21 13:26:21,903 INFO     ___FILE_ONLY___ ════════════════════════════════════════════════════════════
2026-05-21 13:26:21,904 INFO     ___FILE_ONLY___ ╝

2026-05-21 13:26:21,905 INFO     ___FILE_ONLY___ ╔════════════════════════════════════════════════════════════╗

2026-05-21 13:26:21,906 INFO     ___FILE_ONLY___ ╠═ Installing: Bundled Python 3.14 (Platform Specific)      ═╣

2026-05-21 13:26:21,906 INFO     ___FILE_ONLY___ ╚
2026-05-21 13:26:23,224 INFO     ___FILE_ONLY___ ═
2026-05-21 13:26:23,247 INFO     ___FILE_ONLY___ ═
2026-05-21 13:26:23,269 INFO     ___FILE_ONLY___ ═
2026-05-21 13:26:23,496 INFO     ___FILE_ONLY___ ═
2026-05-21 13:26:23,528 INFO     ___FILE_ONLY___ ═
2026-05-21 13:26:23,564 INFO     ___FILE_ONLY___ ═
2026-05-21 13:26:23,594 INFO     ___FILE_ONLY___ ═
2026-05-21 13:26:23,619 INFO     ___FILE_ONLY___ ═
2026-05-21 13:26:23,656 INFO     ___FILE_ONLY___ ═
2026-05-21 13:26:23,674 INFO     ___FILE_ONLY___ ═
2026-05-21 13:26:23,806 INFO     ___FILE_ONLY___ ═
2026-05-21 13:26:23,830 INFO     ___FILE_ONLY___ ═
2026-05-21 13:26:23,857 INFO     ___FILE_ONLY___ ═
2026-05-21 13:26:23,893 INFO     ___FILE_ONLY___ ═
2026-05-21 13:26:23,917 INFO     ___FILE_ONLY___ ═
2026-05-21 13:26:23,944 INFO     ___FILE_ONLY___ ═
2026-05-21 13:26:23,962 INFO     ___FILE_ONLY___ ═
2026-05-21 13:26:23,983 INFO     ___FILE_ONLY___ ═
2026-05-21 13:26:24,004 INFO     ___FILE_ONLY___ ═
2026-05-21 13:26:24,030 INFO     ___FILE_ONLY___ ═
2026-05-21 13:26:24,056 INFO     ___FILE_ONLY___ ═
2026-05-21 13:26:24,081 INFO     ___FILE_ONLY___ ═
2026-05-21 13:26:24,284 INFO     ___FILE_ONLY___ ═
2026-05-21 13:26:24,314 INFO     ___FILE_ONLY___ ═
2026-05-21 13:26:24,343 INFO     ___FILE_ONLY___ ═
2026-05-21 13:26:24,399 INFO     ___FILE_ONLY___ ═
2026-05-21 13:26:24,422 INFO     ___FILE_ONLY___ ═
2026-05-21 13:26:24,437 INFO     ___FILE_ONLY___ ═
2026-05-21 13:26:24,453 INFO     ___FILE_ONLY___ ═
2026-05-21 13:26:24,469 INFO     ___FILE_ONLY___ ═
2026-05-21 13:26:24,482 INFO     ___FILE_ONLY___ ═
2026-05-21 13:26:24,498 INFO     ___FILE_ONLY___ ═
2026-05-21 13:26:24,514 INFO     ___FILE_ONLY___ ═
2026-05-21 13:26:24,531 INFO     ___FILE_ONLY___ ═
2026-05-21 13:26:24,547 INFO     ___FILE_ONLY___ ═
2026-05-21 13:26:24,564 INFO     ___FILE_ONLY___ ═
2026-05-21 13:26:24,580 INFO     ___FILE_ONLY___ ═
2026-05-21 13:26:24,596 INFO     ___FILE_ONLY___ ═
2026-05-21 13:26:24,614 INFO     ___FILE_ONLY___ ═
2026-05-21 13:26:24,631 INFO     ___FILE_ONLY___ ═
2026-05-21 13:26:24,647 INFO     ___FILE_ONLY___ ═
2026-05-21 13:26:24,663 INFO     ___FILE_ONLY___ ═
2026-05-21 13:26:24,679 INFO     ___FILE_ONLY___ ═
2026-05-21 13:26:24,694 INFO     ___FILE_ONLY___ ═
2026-05-21 13:26:24,710 INFO     ___FILE_ONLY___ ═
2026-05-21 13:26:24,727 INFO     ___FILE_ONLY___ ═
2026-05-21 13:26:24,744 INFO     ___FILE_ONLY___ ═
2026-05-21 13:26:24,761 INFO     ___FILE_ONLY___ ═
2026-05-21 13:26:24,777 INFO     ___FILE_ONLY___ ═
2026-05-21 13:26:24,793 INFO     ___FILE_ONLY___ ═
2026-05-21 13:26:24,809 INFO     ___FILE_ONLY___ ═
2026-05-21 13:26:24,824 INFO     ___FILE_ONLY___ ═
2026-05-21 13:26:24,841 INFO     ___FILE_ONLY___ ═
2026-05-21 13:26:24,857 INFO     ___FILE_ONLY___ ═
2026-05-21 13:26:24,874 INFO     ___FILE_ONLY___ ═
2026-05-21 13:26:24,890 INFO     ___FILE_ONLY___ ═
2026-05-21 13:26:24,906 INFO     ___FILE_ONLY___ ═
2026-05-21 13:26:24,923 INFO     ___FILE_ONLY___ ═
2026-05-21 13:26:24,941 INFO     ___FILE_ONLY___ ═
2026-05-21 13:26:24,959 INFO     ___FILE_ONLY___ ═
2026-05-21 13:26:24,959 INFO     ___FILE_ONLY___ ╝

2026-05-21 13:26:25,028 INFO     ___FILE_ONLY___ ╔════════════════════════════════════════════════════════════╗

2026-05-21 13:26:25,028 INFO     ___FILE_ONLY___ ╠═ Installing: Cloud Storage Command Line Tool              ═╣

2026-05-21 13:26:25,028 INFO     ___FILE_ONLY___ ╚
2026-05-21 13:26:25,840 INFO     ___FILE_ONLY___ ═
2026-05-21 13:26:25,857 INFO     ___FILE_ONLY___ ═
2026-05-21 13:26:25,874 INFO     ___FILE_ONLY___ ═
2026-05-21 13:26:25,888 INFO     ___FILE_ONLY___ ═
2026-05-21 13:26:25,902 INFO     ___FILE_ONLY___ ═
2026-05-21 13:26:25,948 INFO     ___FILE_ONLY___ ═
2026-05-21 13:26:25,966 INFO     ___FILE_ONLY___ ═
2026-05-21 13:26:25,989 INFO     ___FILE_ONLY___ ═
2026-05-21 13:26:26,010 INFO     ___FILE_ONLY___ ═
2026-05-21 13:26:26,033 INFO     ___FILE_ONLY___ ═
2026-05-21 13:26:26,061 INFO     ___FILE_ONLY___ ═
2026-05-21 13:26:26,079 INFO     ___FILE_ONLY___ ═
2026-05-21 13:26:26,095 INFO     ___FILE_ONLY___ ═
2026-05-21 13:26:26,108 INFO     ___FILE_ONLY___ ═
2026-05-21 13:26:26,122 INFO     ___FILE_ONLY___ ═
2026-05-21 13:26:26,149 INFO     ___FILE_ONLY___ ═
2026-05-21 13:26:26,168 INFO     ___FILE_ONLY___ ═
2026-05-21 13:26:26,182 INFO     ___FILE_ONLY___ ═
2026-05-21 13:26:26,199 INFO     ___FILE_ONLY___ ═
2026-05-21 13:26:26,214 INFO     ___FILE_ONLY___ ═
2026-05-21 13:26:26,227 INFO     ___FILE_ONLY___ ═
2026-05-21 13:26:26,245 INFO     ___FILE_ONLY___ ═
2026-05-21 13:26:26,260 INFO     ___FILE_ONLY___ ═
2026-05-21 13:26:26,275 INFO     ___FILE_ONLY___ ═
2026-05-21 13:26:26,289 INFO     ___FILE_ONLY___ ═
2026-05-21 13:26:26,304 INFO     ___FILE_ONLY___ ═
2026-05-21 13:26:26,318 INFO     ___FILE_ONLY___ ═
2026-05-21 13:26:26,335 INFO     ___FILE_ONLY___ ═
2026-05-21 13:26:26,358 INFO     ___FILE_ONLY___ ═
2026-05-21 13:26:26,375 INFO     ___FILE_ONLY___ ═
2026-05-21 13:26:26,391 INFO     ___FILE_ONLY___ ═
2026-05-21 13:26:26,419 INFO     ___FILE_ONLY___ ═
2026-05-21 13:26:26,441 INFO     ___FILE_ONLY___ ═
2026-05-21 13:26:26,467 INFO     ___FILE_ONLY___ ═
2026-05-21 13:26:26,486 INFO     ___FILE_ONLY___ ═
2026-05-21 13:26:26,506 INFO     ___FILE_ONLY___ ═
2026-05-21 13:26:26,520 INFO     ___FILE_ONLY___ ═
2026-05-21 13:26:26,535 INFO     ___FILE_ONLY___ ═
2026-05-21 13:26:26,583 INFO     ___FILE_ONLY___ ═
2026-05-21 13:26:26,602 INFO     ___FILE_ONLY___ ═
2026-05-21 13:26:26,617 INFO     ___FILE_ONLY___ ═
2026-05-21 13:26:26,632 INFO     ___FILE_ONLY___ ═
2026-05-21 13:26:26,645 INFO     ___FILE_ONLY___ ═
2026-05-21 13:26:26,660 INFO     ___FILE_ONLY___ ═
2026-05-21 13:26:26,676 INFO     ___FILE_ONLY___ ═
2026-05-21 13:26:26,691 INFO     ___FILE_ONLY___ ═
2026-05-21 13:26:26,705 INFO     ___FILE_ONLY___ ═
2026-05-21 13:26:26,719 INFO     ___FILE_ONLY___ ═
2026-05-21 13:26:26,734 INFO     ___FILE_ONLY___ ═
2026-05-21 13:26:26,753 INFO     ___FILE_ONLY___ ═
2026-05-21 13:26:26,774 INFO     ___FILE_ONLY___ ═
2026-05-21 13:26:26,793 INFO     ___FILE_ONLY___ ═
2026-05-21 13:26:26,813 INFO     ___FILE_ONLY___ ═
2026-05-21 13:26:26,833 INFO     ___FILE_ONLY___ ═
2026-05-21 13:26:26,850 INFO     ___FILE_ONLY___ ═
2026-05-21 13:26:26,870 INFO     ___FILE_ONLY___ ═
2026-05-21 13:26:26,891 INFO     ___FILE_ONLY___ ═
2026-05-21 13:26:26,920 INFO     ___FILE_ONLY___ ═
2026-05-21 13:26:26,943 INFO     ___FILE_ONLY___ ═
2026-05-21 13:26:26,961 INFO     ___FILE_ONLY___ ═
2026-05-21 13:26:26,961 INFO     ___FILE_ONLY___ ╝

2026-05-21 13:26:26,992 INFO     ___FILE_ONLY___ ╔════════════════════════════════════════════════════════════╗

2026-05-21 13:26:26,993 INFO     ___FILE_ONLY___ ╠═ Installing: Cloud Storage Command Line Tool (Platform... ═╣

2026-05-21 13:26:26,993 INFO     ___FILE_ONLY___ ╚
2026-05-21 13:26:26,994 INFO     ___FILE_ONLY___ ════════════════════════════════════════════════════════════
2026-05-21 13:26:26,994 INFO     ___FILE_ONLY___ ╝

2026-05-21 13:26:26,998 INFO     ___FILE_ONLY___ ╔════════════════════════════════════════════════════════════╗

2026-05-21 13:26:26,998 INFO     ___FILE_ONLY___ ╠═ Installing: Default set of gcloud commands               ═╣

2026-05-21 13:26:26,998 INFO     ___FILE_ONLY___ ╚
2026-05-21 13:26:27,001 INFO     ___FILE_ONLY___ ════════════════════════════════════════════════════════════
2026-05-21 13:26:27,001 INFO     ___FILE_ONLY___ ╝

2026-05-21 13:26:27,003 INFO     ___FILE_ONLY___ ╔════════════════════════════════════════════════════════════╗

2026-05-21 13:26:27,003 INFO     ___FILE_ONLY___ ╠═ Installing: Google Cloud CLI Core Libraries (Platform... ═╣

2026-05-21 13:26:27,003 INFO     ___FILE_ONLY___ ╚
2026-05-21 13:26:27,004 INFO     ___FILE_ONLY___ ══════════════════════════════
2026-05-21 13:26:27,005 INFO     ___FILE_ONLY___ ══════════════════════════════
2026-05-21 13:26:27,005 INFO     ___FILE_ONLY___ ╝

2026-05-21 13:26:27,009 INFO     ___FILE_ONLY___ ╔════════════════════════════════════════════════════════════╗

2026-05-21 13:26:27,009 INFO     ___FILE_ONLY___ ╠═ Installing: Google Cloud CRC32C Hash Tool                ═╣

2026-05-21 13:26:27,009 INFO     ___FILE_ONLY___ ╚
2026-05-21 13:26:27,012 INFO     ___FILE_ONLY___ ════════════════════════════════════════════════════════════
2026-05-21 13:26:27,012 INFO     ___FILE_ONLY___ ╝

2026-05-21 13:26:27,013 INFO     ___FILE_ONLY___ ╔════════════════════════════════════════════════════════════╗

2026-05-21 13:26:27,014 INFO     ___FILE_ONLY___ ╠═ Installing: Google Cloud CRC32C Hash Tool (Platform S... ═╣

2026-05-21 13:26:27,014 INFO     ___FILE_ONLY___ ╚
2026-05-21 13:26:27,051 INFO     ___FILE_ONLY___ ══════════════════════════════
2026-05-21 13:26:27,052 INFO     ___FILE_ONLY___ ══════════════════════════════
2026-05-21 13:26:27,052 INFO     ___FILE_ONLY___ ╝

2026-05-21 13:26:27,057 INFO     ___FILE_ONLY___ ╔════════════════════════════════════════════════════════════╗

2026-05-21 13:26:27,057 INFO     ___FILE_ONLY___ ╠═ Installing: gcloud cli dependencies (Platform Specific)  ═╣

2026-05-21 13:26:27,057 INFO     ___FILE_ONLY___ ╚
2026-05-21 13:26:27,057 INFO     ___FILE_ONLY___ ════════════════════════════════════════════════════════════
2026-05-21 13:26:27,057 INFO     ___FILE_ONLY___ ╝

2026-05-21 13:26:27,062 DEBUG    root            Updating notification cache...
2026-05-21 13:26:27,063 INFO     ___FILE_ONLY___ 

2026-05-21 13:26:27,065 INFO     ___FILE_ONLY___ Performing post processing steps...
2026-05-21 13:26:27,065 DEBUG    root            Executing command: ['/tools/google-cloud-sdk/bin/gcloud', 'components', 'post-process']
2026-05-21 13:26:41,178 DEBUG    ___FILE_ONLY___ 
2026-05-21 13:26:41,178 DEBUG    ___FILE_ONLY___ 
2026-05-21 13:26:41,358 INFO     root            descriptor_list: [{'universeDomain': 'googleapis.com', 'universeShortName': '', 'authenticationDomain': 'auth.cloud.google.com', 'projectPrefix': '', 'cloudWebDomain': 'cloud.google.com', 'documentationDomain': 'cloud.google.com', 'version': '1.0.0', 'state': 'primary', 'artifactRegistryDomain': 'pkg.dev'}]
2026-05-21 13:26:41,359 INFO     ___FILE_ONLY___ 
Update done!


2026-05-21 13:26:41,362 DEBUG    root            Chosen display Format:none
2026-05-21 13:26:41,362 INFO     root            Display format: "none"
